{"logTime": "0820/155928", "correlationVector":"norspt/AiDC3ayYkgOlYaF.1","action":"SyncServerConnectionManagerRequest", "result":"SYNC_SERVER_OK", "context":{"environment":"Prod_southeastasia_prod-s01-064-apac-southeastasia", "migrationStage":"NotStarted", "server":"akswtt10100000l"}}
{"logTime": "0820/155928", "correlationVector":"norspt/AiDC3ayYkgOlYaF.2","action":"AAD.Mip.Unpack", "result":"Success", "context":MIP_CLOUD_COMMERCIAL:Success}
{"logTime": "0820/155928", "correlationVector":"norspt/AiDC3ayYkgOlYaF.3","action":"EncryptionKeysManager::SetEncryptionKeys:", "result":"Success", "context":Key names[4]:[VnJEgjWt4Iz+/iIHENFNtbspa58IOm9TZq8ytTHdhwCmJzPc8/KPy8y851TOsT8mF36VCR3ELufUUWMTM/yEpg==][l+H7+1HUpC+VdH9ADUZ+Q/Xzt2i3KU0zbc1n3cXlF9Nb8Dw/olqMQE21ZvFP3za2UZDx5xFtFn7TvbO0yn1DyA==][rF8p70MPJGz53GyYarM4ov9YT/bkaFSSSLGfOkE8pi3qQHS+k9u9ziNF6Y3zXxDXBPP5YrXXPuxU7YQzVDbZuw==][AgdFmBz4M6Tuf4DtWFCj/mqppe7q8u5TfpExm7LWnVYUF8DPX7wOFSZOJxsVITMhs/76aG7lOzpjsSR9rJxrvA==]}
{"logTime": "0820/155928", "correlationVector":"norspt/AiDC3ayYkgOlYaF.4","action":"AAD.GetKeyResponse", "result":"Success", "context":Keys=4.LastKeyStatus=Active. 2025-08-15 13:30:36 +07.State=None. Tags: Current_encryption_keys_tag = Se+/ve+/vUPvv70R77+91pc3Ce+/ve+/ve+/vXrvv73vv70777+90Z/vv73vv70n77+977+977+9Ae+/vRDvv73vv70=, Updated_current_encryption_keys_tag = Empty. Emails: ["piyawan.rua@office.rmutto.ac.th"]}
{"logTime": "0820/155928", "correlationVector":"norspt/AiDC3ayYkgOlYaF.5","action":"ProcessGetUpdates", "result":"Done", "context":{"dataType":"Encryption Keys", "deleted":"0", "process_failed_to_decrypt":"0", "process_pending_decryption":"0", "process_success":"1", "total":"1"}}
{"logTime": "0820/155928", "correlationVector":"norspt/AiDC3ayYkgOlYaF","action":"Initial GetUpdates", "result":"", "context":Reason: NEW_CLIENT. cV=norspt/AiDC3ayYkgOlYaF}
{"logTime": "0820/155928", "correlationVector":"norspt/AiDC3ayYkgOlYaF.6","action":"GetUpdates Response", "result":"Success", "context":Received 1 update(s). cV=norspt/AiDC3ayYkgOlYaF.0;server=akswtt10100000l;cloudType=Multitenant;environment=Prod_southeastasia_prod-s01-064-apac-southeastasia;migrationStage=NotStarted}
{"logTime": "0820/155928", "correlationVector":"OgX+wEqQy7dMW4Y1+fDoMy","action":"Initial GetUpdates", "result":"", "context":Reason: NEW_CLIENT. cV=OgX+wEqQy7dMW4Y1+fDoMy}
{"logTime": "0820/155929", "correlationVector":"OgX+wEqQy7dMW4Y1+fDoMy.1","action":"SyncServerConnectionManagerRequest", "result":"SYNC_SERVER_OK", "context":{"environment":"Prod_southeastasia_prod-s01-064-apac-southeastasia", "migrationStage":"NotStarted", "server":"akswtt10100000r"}}
{"logTime": "0820/155929", "correlationVector":"OgX+wEqQy7dMW4Y1+fDoMy.2","action":"ProcessGetUpdates", "result":"Done", "context":{"dataType":"Preferences", "deleted":"0", "process_failed_to_decrypt":"0", "process_pending_decryption":"0", "process_success":"55", "total":"55"}}
{"logTime": "0820/155929", "correlationVector":"OgX+wEqQy7dMW4Y1+fDoMy.3","action":"ProcessGetUpdates", "result":"Done", "context":{"dataType":"Passwords", "deleted":"0", "process_failed_to_decrypt":"0", "process_pending_decryption":"0", "process_success":"3", "total":"3"}}
{"logTime": "0820/155929", "correlationVector":"OgX+wEqQy7dMW4Y1+fDoMy.4","action":"ProcessGetUpdates", "result":"Done", "context":{"dataType":"Device Info", "deleted":"0", "process_failed_to_decrypt":"0", "process_pending_decryption":"0", "process_success":"15", "total":"15"}}
{"logTime": "0820/155929", "correlationVector":"OgX+wEqQy7dMW4Y1+fDoMy.5","action":"GetUpdates Response", "result":"Success", "context":Received 73 update(s). cV=OgX+wEqQy7dMW4Y1+fDoMy.0;server=akswtt10100000r;cloudType=Multitenant;environment=Prod_southeastasia_prod-s01-064-apac-southeastasia;migrationStage=NotStarted}
{"logTime": "0820/155929", "correlationVector":"p9xRFeivKbDWjKdP+Oq5My","action":"Initial GetUpdates", "result":"", "context":Reason: NEW_CLIENT. cV=p9xRFeivKbDWjKdP+Oq5My}
{"logTime": "0820/155929", "correlationVector":"p9xRFeivKbDWjKdP+Oq5My.1","action":"SyncServerConnectionManagerRequest", "result":"SYNC_SERVER_OK", "context":{"environment":"Prod_southeastasia_prod-s01-064-apac-southeastasia", "migrationStage":"NotStarted", "server":"akswtt101000001"}}
{"logTime": "0820/155929", "correlationVector":"p9xRFeivKbDWjKdP+Oq5My.2","action":"ProcessGetUpdates", "result":"Done", "context":{"dataType":"Bookmarks", "deleted":"0", "process_failed_to_decrypt":"0", "process_pending_decryption":"0", "process_success":"5", "total":"5"}}
{"logTime": "0820/155929", "correlationVector":"p9xRFeivKbDWjKdP+Oq5My.3","action":"GetUpdates Response", "result":"Success", "context":Received 5 update(s). cV=p9xRFeivKbDWjKdP+Oq5My.0;server=akswtt101000001;cloudType=Multitenant;environment=Prod_southeastasia_prod-s01-064-apac-southeastasia;migrationStage=NotStarted}
{"logTime": "0820/155929", "correlationVector":"TpCu+AXybv5LGCwc9daSeO","action":"Initial GetUpdates", "result":"", "context":Reason: NEW_CLIENT. cV=TpCu+AXybv5LGCwc9daSeO}
{"logTime": "0820/155929", "correlationVector":"TpCu+AXybv5LGCwc9daSeO.1","action":"SyncServerConnectionManagerRequest", "result":"SYNC_SERVER_OK", "context":{"environment":"Prod_southeastasia_prod-s01-064-apac-southeastasia", "migrationStage":"NotStarted", "server":"akswtt10100000z"}}
{"logTime": "0820/155929", "correlationVector":"TpCu+AXybv5LGCwc9daSeO.2","action":"ProcessGetUpdates", "result":"Done", "context":{"dataType":"Autofill Profiles", "deleted":"0", "process_failed_to_decrypt":"0", "process_pending_decryption":"0", "process_success":"6", "total":"6"}}
{"logTime": "0820/155929", "correlationVector":"TpCu+AXybv5LGCwc9daSeO.3","action":"ProcessGetUpdates", "result":"Done", "context":{"dataType":"Autofill", "deleted":"0", "process_failed_to_decrypt":"0", "process_pending_decryption":"0", "process_success":"19", "total":"19"}}
{"logTime": "0820/155929", "correlationVector":"TpCu+AXybv5LGCwc9daSeO.4","action":"ProcessGetUpdates", "result":"Done", "context":{"dataType":"Sessions", "deleted":"0", "process_failed_to_decrypt":"0", "process_pending_decryption":"0", "process_success":"22", "total":"22"}}
{"logTime": "0820/155929", "correlationVector":"TpCu+AXybv5LGCwc9daSeO.5","action":"ProcessGetUpdates", "result":"Done", "context":{"dataType":"Edge Hub App Usage", "deleted":"0", "process_failed_to_decrypt":"0", "process_pending_decryption":"0", "process_success":"5", "total":"5"}}
{"logTime": "0820/155929", "correlationVector":"TpCu+AXybv5LGCwc9daSeO.6","action":"GetUpdates Response", "result":"Success", "context":Received 52 update(s). cV=TpCu+AXybv5LGCwc9daSeO.0;server=akswtt10100000z;cloudType=Multitenant;environment=Prod_southeastasia_prod-s01-064-apac-southeastasia;migrationStage=NotStarted}
{"logTime": "0820/155929", "correlationVector":"cGu6ihjVekHci6k07cy5YJ","action":"Initial GetUpdates", "result":"", "context":Reason: NEW_CLIENT. cV=cGu6ihjVekHci6k07cy5YJ}
{"logTime": "0820/155929", "correlationVector":"cGu6ihjVekHci6k07cy5YJ.1","action":"SyncServerConnectionManagerRequest", "result":"SYNC_SERVER_OK", "context":{"environment":"Prod_southeastasia_prod-s01-064-apac-southeastasia", "migrationStage":"NotStarted", "server":"akswtt101000003"}}
{"logTime": "0820/155929", "correlationVector":"cGu6ihjVekHci6k07cy5YJ.2","action":"ProcessGetUpdates", "result":"Done", "context":{"dataType":"History", "deleted":"0", "process_failed_to_decrypt":"0", "process_pending_decryption":"0", "process_success":"101", "total":"101"}}
{"logTime": "0820/155929", "correlationVector":"cGu6ihjVekHci6k07cy5YJ.3","action":"GetUpdates Response", "result":"Success", "context":Received 101 update(s). cV=cGu6ihjVekHci6k07cy5YJ.0;server=akswtt101000003;cloudType=Multitenant;environment=Prod_southeastasia_prod-s01-064-apac-southeastasia;migrationStage=NotStarted}
{"logTime": "0820/155929", "correlationVector":"2GPSpOIdhM0uZT3RLTOKR3","action":"Normal GetUpdate request", "result":"", "context":cV=2GPSpOIdhM0uZT3RLTOKR3
Nudged types: Sessions, Device Info, User Consents
Refresh requested types: Bookmarks, Preferences, Passwords, Autofill Profiles, Autofill, Extensions, Sessions, Extension settings, History Delete Directives, Device Info, User Consents, Send Tab To Self, Web Apps, History, Saved Tab Group, WebAuthn Credentials, Collection, Edge E Drop, Edge Hub App Usage, Edge Wallet, Encryption Keys}
{"logTime": "0820/155930", "correlationVector":"2GPSpOIdhM0uZT3RLTOKR3.1","action":"SyncServerConnectionManagerRequest", "result":"SYNC_SERVER_OK", "context":{"environment":"Prod_southeastasia_prod-s01-064-apac-southeastasia", "migrationStage":"NotStarted", "server":"akswtt10100000w"}}
{"logTime": "0820/155930", "correlationVector":"2GPSpOIdhM0uZT3RLTOKR3.2","action":"ProcessGetUpdates", "result":"Done", "context":{"dataType":"Sessions", "deleted":"1", "process_failed_to_decrypt":"0", "process_pending_decryption":"0", "process_success":"1", "total":"1"}}
{"logTime": "0820/155930", "correlationVector":"2GPSpOIdhM0uZT3RLTOKR3.3","action":"GetUpdates Response", "result":"Success", "context":Received 1 update(s). cV=2GPSpOIdhM0uZT3RLTOKR3.0;server=akswtt10100000w;cloudType=Multitenant;environment=Prod_southeastasia_prod-s01-064-apac-southeastasia;migrationStage=NotStarted}
{"logTime": "0820/155930", "correlationVector":"mKHQNkkRDzh4H4U31ucU60","action":"DoCompareDataConsistency requsted types: ", "result":"Bookmarks, Preferences, Passwords, Extensions, Extension settings, History Delete Directives, Send Tab To Self, Web Apps, History, Saved Tab Group, WebAuthn Credentials, Collection, Edge E Drop, Edge Wallet, Encryption Keys"}
{"logTime": "0820/155930", "correlationVector":"mKHQNkkRDzh4H4U31ucU60.0","action":"CompareDataConsistency result: ", "result":"Compare result: Encryption Keys is consistent. local entities count is: 1 local entities hash is: BWfqdwNALXO+N784AkCSgzuo8SI="}
{"logTime": "0820/155930", "correlationVector":"mKHQNkkRDzh4H4U31ucU60.1","action":"CompareDataConsistency result: ", "result":"Compare result: Bookmarks is consistent. local entities count is: 0 local entities hash is: "}
{"logTime": "0820/155930", "correlationVector":"mKHQNkkRDzh4H4U31ucU60.2","action":"CompareDataConsistency result: ", "result":"Compare result: Preferences is consistent. local entities count is: 55 local entities hash is: Y/mu18FPBn26bz4Gk2lA/o773R4="}
{"logTime": "0820/155930", "correlationVector":"mKHQNkkRDzh4H4U31ucU60.3","action":"CompareDataConsistency result: ", "result":"Compare result: Passwords is consistent. local entities count is: 3 local entities hash is: N2bSrgbgGgsRfkzQKoQBn62zm8o="}
{"logTime": "0820/155930", "correlationVector":"mKHQNkkRDzh4H4U31ucU60.4","action":"CompareDataConsistency result: ", "result":"Compare result: Extensions is consistent. local entities count is: 0 local entities hash is: "}
{"logTime": "0820/155930", "correlationVector":"mKHQNkkRDzh4H4U31ucU60.5","action":"CompareDataConsistency result: ", "result":"Compare result: Extension settings is consistent. local entities count is: 0 local entities hash is: "}
{"logTime": "0820/155930", "correlationVector":"mKHQNkkRDzh4H4U31ucU60.6","action":"CompareDataConsistency result: ", "result":"Compare result: History Delete Directives is consistent. local entities count is: 0 local entities hash is: "}
{"logTime": "0820/155930", "correlationVector":"mKHQNkkRDzh4H4U31ucU60.7","action":"CompareDataConsistency result: ", "result":"Server did not send this Send Tab To Self local entities count is: 0 local entities hash is: "}
{"logTime": "0820/155930", "correlationVector":"mKHQNkkRDzh4H4U31ucU60.8","action":"CompareDataConsistency result: ", "result":"Compare result: Web Apps is consistent. local entities count is: 0 local entities hash is: "}
{"logTime": "0820/155930", "correlationVector":"mKHQNkkRDzh4H4U31ucU60.9","action":"CompareDataConsistency result: ", "result":"Server did not send this History local entities count is: 0 local entities hash is: "}
{"logTime": "0820/155930", "correlationVector":"mKHQNkkRDzh4H4U31ucU60.10","action":"CompareDataConsistency result: ", "result":"Compare result: Saved Tab Group is consistent. local entities count is: 0 local entities hash is: "}
{"logTime": "0820/155930", "correlationVector":"mKHQNkkRDzh4H4U31ucU60.11","action":"CompareDataConsistency result: ", "result":"Server did not send this WebAuthn Credentials local entities count is: 0 local entities hash is: "}
{"logTime": "0820/155930", "correlationVector":"mKHQNkkRDzh4H4U31ucU60.12","action":"CompareDataConsistency result: ", "result":"Compare result: Collection is consistent. local entities count is: 0 local entities hash is: "}
{"logTime": "0820/155930", "correlationVector":"mKHQNkkRDzh4H4U31ucU60.13","action":"CompareDataConsistency result: ", "result":"Compare result: Edge E Drop is consistent. local entities count is: 0 local entities hash is: "}
{"logTime": "0820/155930", "correlationVector":"mKHQNkkRDzh4H4U31ucU60.14","action":"CompareDataConsistency result: ", "result":"Compare result: Edge Wallet is consistent. local entities count is: 0 local entities hash is: "}
{"logTime": "0820/155930", "correlationVector":"G4FZ0f8GvdO5JAAeuabdF6","action":"Commit Request", "result":"", "context":Item count: 5
Contributing types: Sessions, Device Info, User Consents}
{"logTime": "0820/155930", "correlationVector":"G4FZ0f8GvdO5JAAeuabdF6.1","action":"SyncServerConnectionManagerRequest", "result":"SYNC_SERVER_OK", "context":{"environment":"Prod_southeastasia_prod-s01-064-apac-southeastasia", "migrationStage":"NotStarted", "server":"akswtt10100000s"}}
{"logTime": "0820/155930", "correlationVector":"G4FZ0f8GvdO5JAAeuabdF6.2","action":"Commit Response", "result":"Success", "context":Result: Success. cV=G4FZ0f8GvdO5JAAeuabdF6.0;server=akswtt10100000s;cloudType=Multitenant;environment=Prod_southeastasia_prod-s01-064-apac-southeastasia;migrationStage=NotStarted}
{"logTime": "0820/155930", "correlationVector":"","action":"DIAGNOSTIC_REQUEST|v1/diagnosticData/Diagnostic.SendCheckResult()|SUCCESS", "result":""}
